0 info it worked if it ends with ok
1 verbose cli [ 'D:\\Node\\node.exe',
1 verbose cli   'D:\\Node\\node_modules\\npm\\bin\\npm-cli.js',
1 verbose cli   'install',
1 verbose cli   '-g',
1 verbose cli   'bcrypt' ]
2 info using npm@2.14.20
3 info using node@v4.4.0
4 verbose install initial load of D:\Node\node_global\package.json
5 verbose readDependencies loading dependencies from D:\Node\node_global\package.json
6 silly cache add args [ 'bcrypt', null ]
7 verbose cache add spec bcrypt
8 silly cache add parsed spec Result {
8 silly cache add   raw: 'bcrypt',
8 silly cache add   scope: null,
8 silly cache add   name: 'bcrypt',
8 silly cache add   rawSpec: '',
8 silly cache add   spec: 'latest',
8 silly cache add   type: 'tag' }
9 silly addNamed bcrypt@latest
10 verbose addNamed "latest" is being treated as a dist-tag for bcrypt
11 info addNameTag [ 'bcrypt', 'latest' ]
12 silly mapToRegistry name bcrypt
13 silly mapToRegistry using default registry
14 silly mapToRegistry registry https://registry.npmjs.org/
15 silly mapToRegistry uri https://registry.npmjs.org/bcrypt
16 verbose addNameTag registry:https://registry.npmjs.org/bcrypt not in flight; fetching
17 verbose request uri https://registry.npmjs.org/bcrypt
18 verbose request no auth needed
19 info attempt registry request try #1 at 17:36:25
20 verbose request id fc7b0b9ee25e2a35
21 verbose etag "56NXO7UGTRL3XLA2QV0ZTHWBP"
22 http request GET https://registry.npmjs.org/bcrypt
23 http 304 https://registry.npmjs.org/bcrypt
24 verbose headers { date: 'Fri, 11 Mar 2016 09:34:49 GMT',
24 verbose headers   via: '1.1 varnish',
24 verbose headers   'cache-control': 'max-age=300',
24 verbose headers   etag: '"56NXO7UGTRL3XLA2QV0ZTHWBP"',
24 verbose headers   age: '71',
24 verbose headers   connection: 'keep-alive',
24 verbose headers   'x-served-by': 'cache-sin6921-SIN',
24 verbose headers   'x-cache': 'HIT',
24 verbose headers   'x-cache-hits': '1',
24 verbose headers   'x-timer': 'S1457688889.632668,VS0,VE0',
24 verbose headers   vary: 'Accept' }
25 silly get cb [ 304,
25 silly get   { date: 'Fri, 11 Mar 2016 09:34:49 GMT',
25 silly get     via: '1.1 varnish',
25 silly get     'cache-control': 'max-age=300',
25 silly get     etag: '"56NXO7UGTRL3XLA2QV0ZTHWBP"',
25 silly get     age: '71',
25 silly get     connection: 'keep-alive',
25 silly get     'x-served-by': 'cache-sin6921-SIN',
25 silly get     'x-cache': 'HIT',
25 silly get     'x-cache-hits': '1',
25 silly get     'x-timer': 'S1457688889.632668,VS0,VE0',
25 silly get     vary: 'Accept' } ]
26 verbose etag https://registry.npmjs.org/bcrypt from cache
27 verbose get saving bcrypt to D:\Node\node_cache\registry.npmjs.org\bcrypt\.cache.json
28 verbose correctMkdir D:\Node\node_cache correctMkdir not in flight; initializing
29 silly addNameTag next cb for bcrypt with tag latest
30 silly addNamed bcrypt@0.8.5
31 verbose addNamed "0.8.5" is a plain semver version for bcrypt
32 silly cache afterAdd bcrypt@0.8.5
33 verbose afterAdd D:\Node\node_cache\bcrypt\0.8.5\package\package.json not in flight; writing
34 verbose correctMkdir D:\Node\node_cache correctMkdir not in flight; initializing
35 verbose afterAdd D:\Node\node_cache\bcrypt\0.8.5\package\package.json written
36 silly install resolved [ { name: 'bcrypt',
36 silly install resolved     description: 'A bcrypt library for NodeJS.',
36 silly install resolved     keywords:
36 silly install resolved      [ 'bcrypt',
36 silly install resolved        'password',
36 silly install resolved        'auth',
36 silly install resolved        'authentication',
36 silly install resolved        'encryption',
36 silly install resolved        'crypt',
36 silly install resolved        'crypto' ],
36 silly install resolved     main: './bcrypt',
36 silly install resolved     version: '0.8.5',
36 silly install resolved     author: { name: 'Nick Campbell', url: 'https://github.com/ncb000gt' },
36 silly install resolved     engines: { node: '>= 0.6.0' },
36 silly install resolved     repository:
36 silly install resolved      { type: 'git',
36 silly install resolved        url: 'git+https://github.com/ncb000gt/node.bcrypt.js.git' },
36 silly install resolved     license: 'MIT',
36 silly install resolved     bugs: { url: 'https://github.com/ncb000gt/node.bcrypt.js/issues' },
36 silly install resolved     scripts:
36 silly install resolved      { test: 'node-gyp configure build && nodeunit test',
36 silly install resolved        install: 'node-gyp rebuild' },
36 silly install resolved     dependencies: { bindings: '1.2.1', nan: '2.0.5' },
36 silly install resolved     devDependencies: { nodeunit: '~0.9.1' },
36 silly install resolved     contributors:
36 silly install resolved      [ [Object],
36 silly install resolved        [Object],
36 silly install resolved        [Object],
36 silly install resolved        [Object],
36 silly install resolved        [Object],
36 silly install resolved        [Object],
36 silly install resolved        [Object],
36 silly install resolved        [Object],
36 silly install resolved        [Object],
36 silly install resolved        [Object],
36 silly install resolved        [Object],
36 silly install resolved        [Object],
36 silly install resolved        [Object],
36 silly install resolved        [Object] ],
36 silly install resolved     gypfile: true,
36 silly install resolved     gitHead: '5d97708f06754d7d7989c67ba867002d10013615',
36 silly install resolved     homepage: 'https://github.com/ncb000gt/node.bcrypt.js#readme',
36 silly install resolved     _id: 'bcrypt@0.8.5',
36 silly install resolved     _shasum: '8e5b81b4db80e944f440005979ca8d58a961861d',
36 silly install resolved     _from: 'bcrypt@latest',
36 silly install resolved     _npmVersion: '2.13.3',
36 silly install resolved     _nodeVersion: '3.0.0',
36 silly install resolved     _npmUser: { name: 'defunctzombie', email: 'shtylman@gmail.com' },
36 silly install resolved     dist:
36 silly install resolved      { shasum: '8e5b81b4db80e944f440005979ca8d58a961861d',
36 silly install resolved        tarball: 'http://registry.npmjs.org/bcrypt/-/bcrypt-0.8.5.tgz' },
36 silly install resolved     maintainers: [ [Object], [Object], [Object], [Object] ],
36 silly install resolved     directories: {},
36 silly install resolved     _resolved: 'https://registry.npmjs.org/bcrypt/-/bcrypt-0.8.5.tgz',
36 silly install resolved     readme: 'ERROR: No README data found!' } ]
37 info install bcrypt@0.8.5 into D:\Node\node_global
38 info installOne bcrypt@0.8.5
39 verbose installOne of bcrypt to D:\Node\node_global not in flight; installing
40 verbose correctMkdir D:\Node\node_cache\_locks correctMkdir not in flight; initializing
41 verbose lock using D:\Node\node_cache\_locks\bcrypt-180ed2ce47ee619f.lock for D:\Node\node_global\node_modules\bcrypt
42 silly install write writing bcrypt 0.8.5 to D:\Node\node_global\node_modules\bcrypt
43 verbose unbuild node_modules\bcrypt
44 silly gentlyRm D:\Node\node_global\node_modules\bcrypt is being purged from base D:\Node\node_global
45 verbose gentlyRm don't care about contents; nuking D:\Node\node_global\node_modules\bcrypt
46 verbose tar unpack D:\Node\node_cache\bcrypt\0.8.5\package.tgz
47 verbose tar unpacking to D:\Node\node_global\node_modules\bcrypt
48 silly gentlyRm D:\Node\node_global\node_modules\bcrypt is being purged
49 verbose gentlyRm don't care about contents; nuking D:\Node\node_global\node_modules\bcrypt
50 silly gunzTarPerm modes [ '777', '666' ]
51 silly gunzTarPerm extractEntry package.json
52 silly gunzTarPerm modified mode [ 'package.json', 420, 438 ]
53 silly gunzTarPerm extractEntry .npmignore
54 silly gunzTarPerm modified mode [ '.npmignore', 420, 438 ]
55 silly gunzTarPerm extractEntry README.md
56 silly gunzTarPerm modified mode [ 'README.md', 420, 438 ]
57 silly gunzTarPerm extractEntry LICENSE
58 silly gunzTarPerm modified mode [ 'LICENSE', 420, 438 ]
59 silly gunzTarPerm extractEntry bcrypt.js
60 silly gunzTarPerm modified mode [ 'bcrypt.js', 420, 438 ]
61 silly gunzTarPerm extractEntry binding.gyp
62 silly gunzTarPerm modified mode [ 'binding.gyp', 420, 438 ]
63 silly gunzTarPerm extractEntry .travis.yml
64 silly gunzTarPerm modified mode [ '.travis.yml', 420, 438 ]
65 silly gunzTarPerm extractEntry CHANGELOG.md
66 silly gunzTarPerm modified mode [ 'CHANGELOG.md', 420, 438 ]
67 silly gunzTarPerm extractEntry examples/async_compare.js
68 silly gunzTarPerm modified mode [ 'examples/async_compare.js', 420, 438 ]
69 silly gunzTarPerm extractEntry examples/forever_gen_salt.js
70 silly gunzTarPerm modified mode [ 'examples/forever_gen_salt.js', 420, 438 ]
71 silly gunzTarPerm extractEntry test/async.js
72 silly gunzTarPerm modified mode [ 'test/async.js', 420, 438 ]
73 silly gunzTarPerm extractEntry test/repetitions.js
74 silly gunzTarPerm modified mode [ 'test/repetitions.js', 420, 438 ]
75 silly gunzTarPerm extractEntry test/sync.js
76 silly gunzTarPerm modified mode [ 'test/sync.js', 420, 438 ]
77 silly gunzTarPerm extractEntry Makefile
78 silly gunzTarPerm modified mode [ 'Makefile', 420, 438 ]
79 silly gunzTarPerm extractEntry src/bcrypt.cc
80 silly gunzTarPerm modified mode [ 'src/bcrypt.cc', 420, 438 ]
81 silly gunzTarPerm extractEntry src/bcrypt_node.cc
82 silly gunzTarPerm modified mode [ 'src/bcrypt_node.cc', 420, 438 ]
83 silly gunzTarPerm extractEntry src/blowfish.cc
84 silly gunzTarPerm modified mode [ 'src/blowfish.cc', 420, 438 ]
85 silly gunzTarPerm extractEntry src/node_blf.h
86 silly gunzTarPerm modified mode [ 'src/node_blf.h', 420, 438 ]
87 silly gunzTarPerm extractEntry werker.yml
88 silly gunzTarPerm modified mode [ 'werker.yml', 420, 438 ]
89 verbose write writing to D:\Node\node_global\node_modules\bcrypt\package.json
90 info preinstall bcrypt@0.8.5
91 verbose readDependencies loading dependencies from D:\Node\node_global\node_modules\bcrypt\package.json
92 silly prepareForInstallMany adding bindings@1.2.1 from bcrypt dependencies
93 silly prepareForInstallMany adding nan@2.0.5 from bcrypt dependencies
94 verbose readDependencies loading dependencies from D:\Node\node_global\node_modules\bcrypt\package.json
95 silly cache add args [ 'nan@2.0.5', null ]
96 verbose cache add spec nan@2.0.5
97 silly cache add parsed spec Result {
97 silly cache add   raw: 'nan@2.0.5',
97 silly cache add   scope: null,
97 silly cache add   name: 'nan',
97 silly cache add   rawSpec: '2.0.5',
97 silly cache add   spec: '2.0.5',
97 silly cache add   type: 'version' }
98 silly addNamed nan@2.0.5
99 verbose addNamed "2.0.5" is a plain semver version for nan
100 silly mapToRegistry name nan
101 silly mapToRegistry using default registry
102 silly mapToRegistry registry https://registry.npmjs.org/
103 silly mapToRegistry uri https://registry.npmjs.org/nan
104 verbose addNameVersion registry:https://registry.npmjs.org/nan not in flight; fetching
105 silly cache add args [ 'bindings@1.2.1', null ]
106 verbose cache add spec bindings@1.2.1
107 silly cache add parsed spec Result {
107 silly cache add   raw: 'bindings@1.2.1',
107 silly cache add   scope: null,
107 silly cache add   name: 'bindings',
107 silly cache add   rawSpec: '1.2.1',
107 silly cache add   spec: '1.2.1',
107 silly cache add   type: 'version' }
108 silly addNamed bindings@1.2.1
109 verbose addNamed "1.2.1" is a plain semver version for bindings
110 silly mapToRegistry name bindings
111 silly mapToRegistry using default registry
112 silly mapToRegistry registry https://registry.npmjs.org/
113 silly mapToRegistry uri https://registry.npmjs.org/bindings
114 verbose addNameVersion registry:https://registry.npmjs.org/bindings not in flight; fetching
115 verbose request uri https://registry.npmjs.org/nan
116 verbose request no auth needed
117 info attempt registry request try #1 at 17:36:26
118 verbose etag "9GNMF0K57Y4H80QS1L4U9QND9"
119 http request GET https://registry.npmjs.org/nan
120 verbose request uri https://registry.npmjs.org/bindings
121 verbose request no auth needed
122 info attempt registry request try #1 at 17:36:26
123 verbose etag "1LLBF9OH58DLBEL4629U6032D"
124 http request GET https://registry.npmjs.org/bindings
125 http 304 https://registry.npmjs.org/nan
126 verbose headers { date: 'Fri, 11 Mar 2016 09:34:50 GMT',
126 verbose headers   via: '1.1 varnish',
126 verbose headers   'cache-control': 'max-age=300',
126 verbose headers   etag: '"9GNMF0K57Y4H80QS1L4U9QND9"',
126 verbose headers   age: '155',
126 verbose headers   connection: 'keep-alive',
126 verbose headers   'x-served-by': 'cache-sin6924-SIN',
126 verbose headers   'x-cache': 'HIT',
126 verbose headers   'x-cache-hits': '10',
126 verbose headers   'x-timer': 'S1457688890.455320,VS0,VE0',
126 verbose headers   vary: 'Accept' }
127 silly get cb [ 304,
127 silly get   { date: 'Fri, 11 Mar 2016 09:34:50 GMT',
127 silly get     via: '1.1 varnish',
127 silly get     'cache-control': 'max-age=300',
127 silly get     etag: '"9GNMF0K57Y4H80QS1L4U9QND9"',
127 silly get     age: '155',
127 silly get     connection: 'keep-alive',
127 silly get     'x-served-by': 'cache-sin6924-SIN',
127 silly get     'x-cache': 'HIT',
127 silly get     'x-cache-hits': '10',
127 silly get     'x-timer': 'S1457688890.455320,VS0,VE0',
127 silly get     vary: 'Accept' } ]
128 verbose etag https://registry.npmjs.org/nan from cache
129 verbose get saving nan to D:\Node\node_cache\registry.npmjs.org\nan\.cache.json
130 verbose correctMkdir D:\Node\node_cache correctMkdir not in flight; initializing
131 http 304 https://registry.npmjs.org/bindings
132 verbose headers { date: 'Fri, 11 Mar 2016 09:34:50 GMT',
132 verbose headers   via: '1.1 varnish',
132 verbose headers   'cache-control': 'max-age=300',
132 verbose headers   etag: '"1LLBF9OH58DLBEL4629U6032D"',
132 verbose headers   age: '34',
132 verbose headers   connection: 'keep-alive',
132 verbose headers   'x-served-by': 'cache-sin6920-SIN',
132 verbose headers   'x-cache': 'HIT',
132 verbose headers   'x-cache-hits': '1',
132 verbose headers   'x-timer': 'S1457688890.468810,VS0,VE0',
132 verbose headers   vary: 'Accept' }
133 silly get cb [ 304,
133 silly get   { date: 'Fri, 11 Mar 2016 09:34:50 GMT',
133 silly get     via: '1.1 varnish',
133 silly get     'cache-control': 'max-age=300',
133 silly get     etag: '"1LLBF9OH58DLBEL4629U6032D"',
133 silly get     age: '34',
133 silly get     connection: 'keep-alive',
133 silly get     'x-served-by': 'cache-sin6920-SIN',
133 silly get     'x-cache': 'HIT',
133 silly get     'x-cache-hits': '1',
133 silly get     'x-timer': 'S1457688890.468810,VS0,VE0',
133 silly get     vary: 'Accept' } ]
134 verbose etag https://registry.npmjs.org/bindings from cache
135 verbose get saving bindings to D:\Node\node_cache\registry.npmjs.org\bindings\.cache.json
136 verbose correctMkdir D:\Node\node_cache correctMkdir not in flight; initializing
137 silly cache afterAdd nan@2.0.5
138 verbose afterAdd D:\Node\node_cache\nan\2.0.5\package\package.json not in flight; writing
139 verbose correctMkdir D:\Node\node_cache correctMkdir not in flight; initializing
140 verbose afterAdd D:\Node\node_cache\nan\2.0.5\package\package.json written
141 silly cache afterAdd bindings@1.2.1
142 verbose afterAdd D:\Node\node_cache\bindings\1.2.1\package\package.json not in flight; writing
143 verbose correctMkdir D:\Node\node_cache correctMkdir not in flight; initializing
144 verbose afterAdd D:\Node\node_cache\bindings\1.2.1\package\package.json written
145 silly install resolved [ { name: 'nan',
145 silly install resolved     version: '2.0.5',
145 silly install resolved     description: 'Native Abstractions for Node.js: C++ header for Node 0.8->0.12 compatibility',
145 silly install resolved     main: 'include_dirs.js',
145 silly install resolved     repository: { type: 'git', url: 'git://github.com/nodejs/nan.git' },
145 silly install resolved     scripts:
145 silly install resolved      { test: 'tap --gc test/js/*-test.js',
145 silly install resolved        'rebuild-tests': 'pangyp rebuild --msvs_version=2013 --directory test',
145 silly install resolved        docs: 'doc/.build.sh' },
145 silly install resolved     contributors:
145 silly install resolved      [ [Object],
145 silly install resolved        [Object],
145 silly install resolved        [Object],
145 silly install resolved        [Object],
145 silly install resolved        [Object],
145 silly install resolved        [Object],
145 silly install resolved        [Object] ],
145 silly install resolved     devDependencies:
145 silly install resolved      { bindings: '~1.2.1',
145 silly install resolved        'node-gyp': '~2.0.2',
145 silly install resolved        pangyp: '~2.2.0',
145 silly install resolved        tap: '~0.7.1',
145 silly install resolved        xtend: '~4.0.0' },
145 silly install resolved     license: 'MIT',
145 silly install resolved     gitHead: 'd13a2e9ce762fd130877b53c71d35963fa2cf689',
145 silly install resolved     bugs: { url: 'https://github.com/nodejs/nan/issues' },
145 silly install resolved     homepage: 'https://github.com/nodejs/nan#readme',
145 silly install resolved     _id: 'nan@2.0.5',
145 silly install resolved     _shasum: '365888014be1fd178db0cbfa258edf7b0cb1c408',
145 silly install resolved     _from: 'nan@2.0.5',
145 silly install resolved     _npmVersion: '2.13.3',
145 silly install resolved     _nodeVersion: '3.0.0',
145 silly install resolved     _npmUser: { name: 'kkoopa', email: 'bbyholm@abo.fi' },
145 silly install resolved     maintainers: [ [Object], [Object] ],
145 silly install resolved     dist:
145 silly install resolved      { shasum: '365888014be1fd178db0cbfa258edf7b0cb1c408',
145 silly install resolved        tarball: 'http://registry.npmjs.org/nan/-/nan-2.0.5.tgz' },
145 silly install resolved     directories: {},
145 silly install resolved     _resolved: 'https://registry.npmjs.org/nan/-/nan-2.0.5.tgz',
145 silly install resolved     readme: 'ERROR: No README data found!' },
145 silly install resolved   { name: 'bindings',
145 silly install resolved     description: 'Helper module for loading your native module\'s .node file',
145 silly install resolved     keywords: [ 'native', 'addon', 'bindings', 'gyp', 'waf', 'c', 'c++' ],
145 silly install resolved     version: '1.2.1',
145 silly install resolved     author:
145 silly install resolved      { name: 'Nathan Rajlich',
145 silly install resolved        email: 'nathan@tootallnate.net',
145 silly install resolved        url: 'http://tootallnate.net' },
145 silly install resolved     repository:
145 silly install resolved      { type: 'git',
145 silly install resolved        url: 'git://github.com/TooTallNate/node-bindings.git' },
145 silly install resolved     main: './bindings.js',
145 silly install resolved     bugs: { url: 'https://github.com/TooTallNate/node-bindings/issues' },
145 silly install resolved     homepage: 'https://github.com/TooTallNate/node-bindings',
145 silly install resolved     license: 'MIT',
145 silly install resolved     gitHead: 'e404152ee27f8478ccbc7122ee051246e8e5ec02',
145 silly install resolved     _id: 'bindings@1.2.1',
145 silly install resolved     scripts: {},
145 silly install resolved     _shasum: '14ad6113812d2d37d72e67b4cacb4bb726505f11',
145 silly install resolved     _from: 'bindings@1.2.1',
145 silly install resolved     _npmVersion: '1.4.14',
145 silly install resolved     _npmUser: { name: 'tootallnate', email: 'nathan@tootallnate.net' },
145 silly install resolved     maintainers: [ [Object], [Object] ],
145 silly install resolved     dist:
145 silly install resolved      { shasum: '14ad6113812d2d37d72e67b4cacb4bb726505f11',
145 silly install resolved        tarball: 'http://registry.npmjs.org/bindings/-/bindings-1.2.1.tgz' },
145 silly install resolved     directories: {},
145 silly install resolved     _resolved: 'https://registry.npmjs.org/bindings/-/bindings-1.2.1.tgz',
145 silly install resolved     readme: 'ERROR: No README data found!' } ]
146 info install nan@2.0.5 into D:\Node\node_global\node_modules\bcrypt
147 info install bindings@1.2.1 into D:\Node\node_global\node_modules\bcrypt
148 info installOne nan@2.0.5
149 verbose installOne of nan to D:\Node\node_global\node_modules\bcrypt not in flight; installing
150 verbose correctMkdir D:\Node\node_cache\_locks correctMkdir not in flight; initializing
151 info installOne bindings@1.2.1
152 verbose installOne of bindings to D:\Node\node_global\node_modules\bcrypt not in flight; installing
153 verbose correctMkdir D:\Node\node_cache\_locks correctMkdir not in flight; initializing
154 verbose lock using D:\Node\node_cache\_locks\nan-7281f69d78c725ad.lock for D:\Node\node_global\node_modules\bcrypt\node_modules\nan
155 silly install write writing nan 2.0.5 to D:\Node\node_global\node_modules\bcrypt\node_modules\nan
156 verbose lock using D:\Node\node_cache\_locks\bindings-cf5a6ac51e1ea8d3.lock for D:\Node\node_global\node_modules\bcrypt\node_modules\bindings
157 silly install write writing bindings 1.2.1 to D:\Node\node_global\node_modules\bcrypt\node_modules\bindings
158 verbose unbuild node_modules\bcrypt\node_modules\nan
159 silly gentlyRm D:\Node\node_global\node_modules\bcrypt\node_modules\nan is being purged from base D:\Node\node_global
160 verbose gentlyRm don't care about contents; nuking D:\Node\node_global\node_modules\bcrypt\node_modules\nan
161 verbose tar unpack D:\Node\node_cache\nan\2.0.5\package.tgz
162 verbose tar unpacking to D:\Node\node_global\node_modules\bcrypt\node_modules\nan
163 silly gentlyRm D:\Node\node_global\node_modules\bcrypt\node_modules\nan is being purged
164 verbose gentlyRm don't care about contents; nuking D:\Node\node_global\node_modules\bcrypt\node_modules\nan
165 verbose unbuild node_modules\bcrypt\node_modules\bindings
166 silly gunzTarPerm modes [ '777', '666' ]
167 silly gentlyRm D:\Node\node_global\node_modules\bcrypt\node_modules\bindings is being purged from base D:\Node\node_global
168 verbose gentlyRm don't care about contents; nuking D:\Node\node_global\node_modules\bcrypt\node_modules\bindings
169 verbose tar unpack D:\Node\node_cache\bindings\1.2.1\package.tgz
170 verbose tar unpacking to D:\Node\node_global\node_modules\bcrypt\node_modules\bindings
171 silly gentlyRm D:\Node\node_global\node_modules\bcrypt\node_modules\bindings is being purged
172 verbose gentlyRm don't care about contents; nuking D:\Node\node_global\node_modules\bcrypt\node_modules\bindings
173 silly gunzTarPerm modes [ '777', '666' ]
174 silly gunzTarPerm extractEntry package.json
175 silly gunzTarPerm modified mode [ 'package.json', 436, 438 ]
176 silly gunzTarPerm extractEntry package.json
177 silly gunzTarPerm modified mode [ 'package.json', 420, 438 ]
178 silly gunzTarPerm extractEntry README.md
179 silly gunzTarPerm modified mode [ 'README.md', 436, 438 ]
180 silly gunzTarPerm extractEntry include_dirs.js
181 silly gunzTarPerm modified mode [ 'include_dirs.js', 436, 438 ]
182 silly gunzTarPerm extractEntry README.md
183 silly gunzTarPerm modified mode [ 'README.md', 420, 438 ]
184 silly gunzTarPerm extractEntry bindings.js
185 silly gunzTarPerm modified mode [ 'bindings.js', 420, 438 ]
186 silly gunzTarPerm extractEntry nan_converters.h
187 silly gunzTarPerm modified mode [ 'nan_converters.h', 436, 438 ]
188 silly gunzTarPerm extractEntry LICENSE.md
189 silly gunzTarPerm modified mode [ 'LICENSE.md', 436, 438 ]
190 silly gunzTarPerm extractEntry .dntrc
191 silly gunzTarPerm modified mode [ '.dntrc', 436, 438 ]
192 silly gunzTarPerm extractEntry appveyor.yml
193 silly gunzTarPerm modified mode [ 'appveyor.yml', 436, 438 ]
194 silly gunzTarPerm extractEntry doc/new.md
195 silly gunzTarPerm modified mode [ 'doc/new.md', 436, 438 ]
196 silly gunzTarPerm extractEntry doc/.build.sh
197 silly gunzTarPerm modified mode [ 'doc/.build.sh', 509, 511 ]
198 silly gunzTarPerm extractEntry doc/buffers.md
199 silly gunzTarPerm modified mode [ 'doc/buffers.md', 436, 438 ]
200 silly gunzTarPerm extractEntry doc/callback.md
201 silly gunzTarPerm modified mode [ 'doc/callback.md', 436, 438 ]
202 verbose write writing to D:\Node\node_global\node_modules\bcrypt\node_modules\bindings\package.json
203 silly gunzTarPerm extractEntry doc/converters.md
204 silly gunzTarPerm modified mode [ 'doc/converters.md', 436, 438 ]
205 silly gunzTarPerm extractEntry doc/errors.md
206 silly gunzTarPerm modified mode [ 'doc/errors.md', 436, 438 ]
207 info preinstall bindings@1.2.1
208 verbose readDependencies loading dependencies from D:\Node\node_global\node_modules\bcrypt\node_modules\bindings\package.json
209 verbose readDependencies loading dependencies from D:\Node\node_global\node_modules\bcrypt\node_modules\bindings\package.json
210 silly gunzTarPerm extractEntry doc/maybe_types.md
211 silly gunzTarPerm modified mode [ 'doc/maybe_types.md', 436, 438 ]
212 silly gunzTarPerm extractEntry doc/methods.md
213 silly gunzTarPerm modified mode [ 'doc/methods.md', 436, 438 ]
214 silly install resolved []
215 verbose about to build D:\Node\node_global\node_modules\bcrypt\node_modules\bindings
216 info build D:\Node\node_global\node_modules\bcrypt\node_modules\bindings
217 info linkStuff bindings@1.2.1
218 silly linkStuff bindings@1.2.1 has D:\Node\node_global\node_modules\bcrypt\node_modules as its parent node_modules
219 silly linkStuff bindings@1.2.1 is part of a global install
220 silly linkStuff bindings@1.2.1 is installed into a global node_modules
221 silly gunzTarPerm extractEntry doc/asyncworker.md
222 silly gunzTarPerm modified mode [ 'doc/asyncworker.md', 436, 438 ]
223 silly gunzTarPerm extractEntry doc/node_misc.md
224 silly gunzTarPerm modified mode [ 'doc/node_misc.md', 436, 438 ]
225 verbose linkBins bindings@1.2.1
226 verbose linkMans bindings@1.2.1
227 verbose rebuildBundles bindings@1.2.1
228 info install bindings@1.2.1
229 silly gunzTarPerm extractEntry doc/persistent.md
230 silly gunzTarPerm modified mode [ 'doc/persistent.md', 436, 438 ]
231 silly gunzTarPerm extractEntry doc/scopes.md
232 silly gunzTarPerm modified mode [ 'doc/scopes.md', 436, 438 ]
233 info postinstall bindings@1.2.1
234 verbose unlock done using D:\Node\node_cache\_locks\bindings-cf5a6ac51e1ea8d3.lock for D:\Node\node_global\node_modules\bcrypt\node_modules\bindings
235 silly gunzTarPerm extractEntry doc/script.md
236 silly gunzTarPerm modified mode [ 'doc/script.md', 436, 438 ]
237 silly gunzTarPerm extractEntry doc/string_bytes.md
238 silly gunzTarPerm modified mode [ 'doc/string_bytes.md', 436, 438 ]
239 silly gunzTarPerm extractEntry doc/v8_internals.md
240 silly gunzTarPerm modified mode [ 'doc/v8_internals.md', 436, 438 ]
241 silly gunzTarPerm extractEntry doc/v8_misc.md
242 silly gunzTarPerm modified mode [ 'doc/v8_misc.md', 436, 438 ]
243 silly gunzTarPerm extractEntry nan.h
244 silly gunzTarPerm modified mode [ 'nan.h', 436, 438 ]
245 silly gunzTarPerm extractEntry nan_callbacks.h
246 silly gunzTarPerm modified mode [ 'nan_callbacks.h', 436, 438 ]
247 silly gunzTarPerm extractEntry nan_callbacks_12_inl.h
248 silly gunzTarPerm modified mode [ 'nan_callbacks_12_inl.h', 436, 438 ]
249 silly gunzTarPerm extractEntry nan_callbacks_pre_12_inl.h
250 silly gunzTarPerm modified mode [ 'nan_callbacks_pre_12_inl.h', 436, 438 ]
251 silly gunzTarPerm extractEntry nan_converters_43_inl.h
252 silly gunzTarPerm modified mode [ 'nan_converters_43_inl.h', 436, 438 ]
253 silly gunzTarPerm extractEntry nan_converters_pre_43_inl.h
254 silly gunzTarPerm modified mode [ 'nan_converters_pre_43_inl.h', 436, 438 ]
255 silly gunzTarPerm extractEntry nan_implementation_12_inl.h
256 silly gunzTarPerm modified mode [ 'nan_implementation_12_inl.h', 436, 438 ]
257 silly gunzTarPerm extractEntry nan_implementation_pre_12_inl.h
258 silly gunzTarPerm modified mode [ 'nan_implementation_pre_12_inl.h', 436, 438 ]
259 silly gunzTarPerm extractEntry nan_maybe_43_inl.h
260 silly gunzTarPerm modified mode [ 'nan_maybe_43_inl.h', 436, 438 ]
261 silly gunzTarPerm extractEntry nan_maybe_pre_43_inl.h
262 silly gunzTarPerm modified mode [ 'nan_maybe_pre_43_inl.h', 436, 438 ]
263 silly gunzTarPerm extractEntry nan_new.h
264 silly gunzTarPerm modified mode [ 'nan_new.h', 436, 438 ]
265 silly gunzTarPerm extractEntry nan_object_wrap.h
266 silly gunzTarPerm modified mode [ 'nan_object_wrap.h', 436, 438 ]
267 silly gunzTarPerm extractEntry nan_persistent_12_inl.h
268 silly gunzTarPerm modified mode [ 'nan_persistent_12_inl.h', 436, 438 ]
269 silly gunzTarPerm extractEntry nan_persistent_pre_12_inl.h
270 silly gunzTarPerm modified mode [ 'nan_persistent_pre_12_inl.h', 436, 438 ]
271 silly gunzTarPerm extractEntry nan_string_bytes.h
272 silly gunzTarPerm modified mode [ 'nan_string_bytes.h', 436, 438 ]
273 silly gunzTarPerm extractEntry nan_weak.h
274 silly gunzTarPerm modified mode [ 'nan_weak.h', 436, 438 ]
275 silly gunzTarPerm extractEntry CHANGELOG.md
276 silly gunzTarPerm modified mode [ 'CHANGELOG.md', 436, 438 ]
277 silly gunzTarPerm extractEntry tools/package.json
278 silly gunzTarPerm modified mode [ 'tools/package.json', 436, 438 ]
279 silly gunzTarPerm extractEntry tools/README.md
280 silly gunzTarPerm modified mode [ 'tools/README.md', 436, 438 ]
281 silly gunzTarPerm extractEntry tools/1to2.js
282 silly gunzTarPerm modified mode [ 'tools/1to2.js', 509, 511 ]
283 verbose write writing to D:\Node\node_global\node_modules\bcrypt\node_modules\nan\package.json
284 info preinstall nan@2.0.5
285 verbose readDependencies loading dependencies from D:\Node\node_global\node_modules\bcrypt\node_modules\nan\package.json
286 verbose readDependencies loading dependencies from D:\Node\node_global\node_modules\bcrypt\node_modules\nan\package.json
287 silly install resolved []
288 verbose about to build D:\Node\node_global\node_modules\bcrypt\node_modules\nan
289 info build D:\Node\node_global\node_modules\bcrypt\node_modules\nan
290 info linkStuff nan@2.0.5
291 silly linkStuff nan@2.0.5 has D:\Node\node_global\node_modules\bcrypt\node_modules as its parent node_modules
292 silly linkStuff nan@2.0.5 is part of a global install
293 silly linkStuff nan@2.0.5 is installed into a global node_modules
294 verbose linkBins nan@2.0.5
295 verbose linkMans nan@2.0.5
296 verbose rebuildBundles nan@2.0.5
297 info install nan@2.0.5
298 info postinstall nan@2.0.5
299 verbose unlock done using D:\Node\node_cache\_locks\nan-7281f69d78c725ad.lock for D:\Node\node_global\node_modules\bcrypt\node_modules\nan
300 verbose about to build D:\Node\node_global\node_modules\bcrypt
301 info build D:\Node\node_global\node_modules\bcrypt
302 info linkStuff bcrypt@0.8.5
303 silly linkStuff bcrypt@0.8.5 has D:\Node\node_global\node_modules as its parent node_modules
304 silly linkStuff bcrypt@0.8.5 is part of a global install
305 silly linkStuff bcrypt@0.8.5 is installed into a global node_modules
306 silly linkStuff bcrypt@0.8.5 is installed into the top-level global node_modules
307 verbose linkBins bcrypt@0.8.5
308 verbose linkMans bcrypt@0.8.5
309 verbose rebuildBundles bcrypt@0.8.5
310 verbose rebuildBundles [ 'bindings', 'nan' ]
311 info install bcrypt@0.8.5
312 verbose unsafe-perm in lifecycle true
313 info bcrypt@0.8.5 Failed to exec install script
314 verbose unlock done using D:\Node\node_cache\_locks\bcrypt-180ed2ce47ee619f.lock for D:\Node\node_global\node_modules\bcrypt
315 verbose stack Error: bcrypt@0.8.5 install: `node-gyp rebuild`
315 verbose stack Exit status 1
315 verbose stack     at EventEmitter.<anonymous> (D:\Node\node_modules\npm\lib\utils\lifecycle.js:214:16)
315 verbose stack     at emitTwo (events.js:87:13)
315 verbose stack     at EventEmitter.emit (events.js:172:7)
315 verbose stack     at ChildProcess.<anonymous> (D:\Node\node_modules\npm\lib\utils\spawn.js:24:14)
315 verbose stack     at emitTwo (events.js:87:13)
315 verbose stack     at ChildProcess.emit (events.js:172:7)
315 verbose stack     at maybeClose (internal/child_process.js:827:16)
315 verbose stack     at Process.ChildProcess._handle.onexit (internal/child_process.js:211:5)
316 verbose pkgid bcrypt@0.8.5
317 verbose cwd D:\Node\douban
318 error Windows_NT 6.1.7601
319 error argv "D:\\Node\\node.exe" "D:\\Node\\node_modules\\npm\\bin\\npm-cli.js" "install" "-g" "bcrypt"
320 error node v4.4.0
321 error npm  v2.14.20
322 error code ELIFECYCLE
323 error bcrypt@0.8.5 install: `node-gyp rebuild`
323 error Exit status 1
324 error Failed at the bcrypt@0.8.5 install script 'node-gyp rebuild'.
324 error This is most likely a problem with the bcrypt package,
324 error not with npm itself.
324 error Tell the author that this fails on your system:
324 error     node-gyp rebuild
324 error You can get information on how to open an issue for this project with:
324 error     npm bugs bcrypt
324 error Or if that isn't available, you can get their info via:
324 error
324 error     npm owner ls bcrypt
324 error There is likely additional logging output above.
325 verbose exit [ 1, true ]
326 verbose unbuild node_modules\bcrypt
327 info preuninstall bcrypt@0.8.5
328 info uninstall bcrypt@0.8.5
329 verbose unbuild rmStuff bcrypt@0.8.5 from D:\Node\node_global\node_modules
330 info postuninstall bcrypt@0.8.5
331 silly gentlyRm D:\Node\node_global\node_modules\bcrypt is being purged from base D:\Node\node_global
332 verbose gentlyRm don't care about contents; nuking D:\Node\node_global\node_modules\bcrypt
333 silly vacuum-fs purging D:\Node\node_global\node_modules\bcrypt
334 silly vacuum-fs quitting because other entries in D:\Node\node_global\node_modules
